  stb_image.cpp
  Camera.cpp
  GameManager.cpp
D:\GitHub\CG-Erick_e_Jonathan_2022\Trabalho_GA\Exericio8\GameManager.cpp(16,16): warning C4244: '=': conversão de 'double' para 'float', possível perda de dados
D:\GitHub\CG-Erick_e_Jonathan_2022\Trabalho_GA\Exericio8\GameManager.cpp(17,17): warning C4244: '=': conversão de 'double' para 'float', possível perda de dados
D:\GitHub\CG-Erick_e_Jonathan_2022\Trabalho_GA\Exericio8\GameManager.cpp(375,26): warning C4305: 'inicializando': truncamento de 'double' para 'float'
D:\GitHub\CG-Erick_e_Jonathan_2022\Trabalho_GA\Exericio8\GameManager.cpp(392,11): warning C4244: '=': conversão de 'double' para 'float', possível perda de dados
D:\GitHub\CG-Erick_e_Jonathan_2022\Trabalho_GA\Exericio8\GameManager.cpp(393,11): warning C4244: '=': conversão de 'double' para 'float', possível perda de dados
D:\GitHub\CG-Erick_e_Jonathan_2022\Trabalho_GA\Exericio8\GameManager.cpp(397,16): warning C4244: 'inicializando': conversão de 'double' para 'float', possível perda de dados
D:\GitHub\CG-Erick_e_Jonathan_2022\Trabalho_GA\Exericio8\GameManager.cpp(398,16): warning C4244: 'inicializando': conversão de 'double' para 'float', possível perda de dados
D:\GitHub\CG-Erick_e_Jonathan_2022\Trabalho_GA\Exericio8\GameManager.cpp(399,10): warning C4244: '=': conversão de 'double' para 'float', possível perda de dados
D:\GitHub\CG-Erick_e_Jonathan_2022\Trabalho_GA\Exericio8\GameManager.cpp(400,10): warning C4244: '=': conversão de 'double' para 'float', possível perda de dados
D:\GitHub\CG-Erick_e_Jonathan_2022\Trabalho_GA\Exericio8\GameManager.cpp(402,26): warning C4305: 'inicializando': truncamento de 'double' para 'float'
D:\GitHub\CG-Erick_e_Jonathan_2022\Trabalho_GA\Exericio8\GameManager.cpp(425,26): warning C4244: '-=': conversão de 'double' para 'float', possível perda de dados
  Mesh.cpp
  Origem.cpp
D:\GitHub\CG-Erick_e_Jonathan_2022\Trabalho_GA\Exericio8\Origem.cpp(171,34): warning C4267: '=': conversão de 'size_t' para 'int', possível perda de dados
D:\GitHub\CG-Erick_e_Jonathan_2022\Trabalho_GA\Exericio8\Origem.cpp(356,70): warning C4244: 'argumento': conversão de 'double' para 'float', possível perda de dados
D:\GitHub\CG-Erick_e_Jonathan_2022\Trabalho_GA\Exericio8\Origem.cpp(359,56): warning C4244: 'argumento': conversão de 'double' para 'float', possível perda de dados
D:\GitHub\CG-Erick_e_Jonathan_2022\Trabalho_GA\Exericio8\Origem.cpp(466,28): warning C4305: 'argumento': truncamento de 'double' para 'float'
D:\GitHub\CG-Erick_e_Jonathan_2022\Trabalho_GA\Exericio8\Origem.cpp(468,29): warning C4305: 'argumento': truncamento de 'double' para 'float'
  Shader.cpp
  ModelTransform.cpp
  Gerando Código...
  glad.c
C:\Program Files (x86)\Windows Kits\10\Include\10.0.19041.0\shared\minwindef.h(130,1): warning C4005: 'APIENTRY': redefinição de macro
D:\GitHub\CG-Erick_e_Jonathan_2022\dependencies\GLAD\include\glad\glad.h(646): message : consulte a definição anterior de 'APIENTRY'
LINK : warning LNK4075: ignorando '/INCREMENTAL' devido a especificação '/FORCE'
Origem.obj : warning LNK4006: "unsigned int __cdecl TextureFromFile(char const *,class std::basic_string<char,struct std::char_traits<char>,class std::allocator<char> > const &,bool)" (?TextureFromFile@@YAIPEBDAEBV?$basic_string@DU?$char_traits@D@std@@V?$allocator@D@2@@std@@_N@Z) já definido no GameManager.obj; segunda definição ignorada
Origem.obj : warning LNK4006: "float lastX" (?lastX@@3MA) já definido no GameManager.obj; segunda definição ignorada
Origem.obj : warning LNK4006: "float lastY" (?lastY@@3MA) já definido no GameManager.obj; segunda definição ignorada
Origem.obj : warning LNK4006: "bool firstMouse" (?firstMouse@@3_NA) já definido no GameManager.obj; segunda definição ignorada
LINK : warning LNK4098: defaultlib 'MSVCRT' conflita com uso de outras bibliotecas; use /NODEFAULTLIB:library
D:\GitHub\CG-Erick_e_Jonathan_2022\Trabalho_GA\x64\Debug\Hello3D.exe : warning LNK4088: imagem sendo gerada devido a opção /FORCE; imagem não pode ser executada
  Exericio8.vcxproj -> D:\GitHub\CG-Erick_e_Jonathan_2022\Trabalho_GA\x64\Debug\Hello3D.exe
